{"name":"hexo","hostname":"Jues-MacBook-Pro.local","pid":39867,"level":20,"msg":"Hexo version: \u001b[35m3.6.0\u001b[39m","time":"2018-03-13T20:52:05.897Z","v":0}
{"name":"hexo","hostname":"Jues-MacBook-Pro.local","pid":39867,"level":20,"msg":"Working directory: \u001b[35m~/workspace/JuesBlog/\u001b[39m","time":"2018-03-13T20:52:05.899Z","v":0}
{"name":"hexo","hostname":"Jues-MacBook-Pro.local","pid":39867,"level":20,"msg":"Config loaded: \u001b[35m~/workspace/JuesBlog/_config.yml\u001b[39m","time":"2018-03-13T20:52:05.984Z","v":0}
{"name":"hexo","hostname":"Jues-MacBook-Pro.local","pid":39867,"level":20,"msg":"Plugin loaded: \u001b[35mhexo-baidu-url-push\u001b[39m","time":"2018-03-13T20:52:06.004Z","v":0}
{"name":"hexo","hostname":"Jues-MacBook-Pro.local","pid":39867,"level":20,"msg":"Plugin loaded: \u001b[35mhexo-deployer-git\u001b[39m","time":"2018-03-13T20:52:06.027Z","v":0}
{"name":"hexo","hostname":"Jues-MacBook-Pro.local","pid":39867,"level":20,"msg":"Plugin loaded: \u001b[35mhexo-filter-github-emojis\u001b[39m","time":"2018-03-13T20:52:06.170Z","v":0}
{"name":"hexo","hostname":"Jues-MacBook-Pro.local","pid":39867,"level":20,"msg":"Plugin loaded: \u001b[35mhexo-filter-flowchart\u001b[39m","time":"2018-03-13T20:52:06.173Z","v":0}
{"name":"hexo","hostname":"Jues-MacBook-Pro.local","pid":39867,"level":20,"msg":"Plugin loaded: \u001b[35mhexo-generator-archive\u001b[39m","time":"2018-03-13T20:52:06.176Z","v":0}
{"name":"hexo","hostname":"Jues-MacBook-Pro.local","pid":39867,"level":20,"msg":"Plugin loaded: \u001b[35mhexo-generator-baidu-sitemap\u001b[39m","time":"2018-03-13T20:52:06.180Z","v":0}
{"name":"hexo","hostname":"Jues-MacBook-Pro.local","pid":39867,"level":20,"msg":"Plugin loaded: \u001b[35mhexo-generator-category\u001b[39m","time":"2018-03-13T20:52:06.181Z","v":0}
{"name":"hexo","hostname":"Jues-MacBook-Pro.local","pid":39867,"level":20,"msg":"Plugin loaded: \u001b[35mhexo-generator-index\u001b[39m","time":"2018-03-13T20:52:06.183Z","v":0}
{"name":"hexo","hostname":"Jues-MacBook-Pro.local","pid":39867,"level":20,"msg":"Plugin loaded: \u001b[35mhexo-generator-json-content\u001b[39m","time":"2018-03-13T20:52:06.224Z","v":0}
{"name":"hexo","hostname":"Jues-MacBook-Pro.local","pid":39867,"level":20,"msg":"Plugin loaded: \u001b[35mhexo-generator-search\u001b[39m","time":"2018-03-13T20:52:06.227Z","v":0}
{"name":"hexo","hostname":"Jues-MacBook-Pro.local","pid":39867,"level":20,"msg":"Plugin loaded: \u001b[35mhexo-generator-sitemap\u001b[39m","time":"2018-03-13T20:52:06.228Z","v":0}
{"name":"hexo","hostname":"Jues-MacBook-Pro.local","pid":39867,"level":20,"msg":"Plugin loaded: \u001b[35mhexo-generator-tag\u001b[39m","time":"2018-03-13T20:52:06.234Z","v":0}
{"name":"hexo","hostname":"Jues-MacBook-Pro.local","pid":39867,"level":20,"msg":"Plugin loaded: \u001b[35mhexo-inject\u001b[39m","time":"2018-03-13T20:52:06.438Z","v":0}
{"name":"hexo","hostname":"Jues-MacBook-Pro.local","pid":39867,"level":30,"msg":"[hexo-math] Using engine 'mathjax'","time":"2018-03-13T20:52:06.482Z","v":0}
{"name":"hexo","hostname":"Jues-MacBook-Pro.local","pid":39867,"level":20,"msg":"Plugin loaded: \u001b[35mhexo-math\u001b[39m","time":"2018-03-13T20:52:06.484Z","v":0}
{"name":"hexo","hostname":"Jues-MacBook-Pro.local","pid":39867,"level":20,"msg":"Plugin loaded: \u001b[35mhexo-renderer-ejs\u001b[39m","time":"2018-03-13T20:52:06.488Z","v":0}
{"name":"hexo","hostname":"Jues-MacBook-Pro.local","pid":39867,"level":20,"msg":"Plugin loaded: \u001b[35mhexo-renderer-marked\u001b[39m","time":"2018-03-13T20:52:06.494Z","v":0}
{"name":"hexo","hostname":"Jues-MacBook-Pro.local","pid":39867,"level":20,"msg":"Plugin loaded: \u001b[35mhexo-renderer-stylus\u001b[39m","time":"2018-03-13T20:52:06.519Z","v":0}
{"name":"hexo","hostname":"Jues-MacBook-Pro.local","pid":39867,"level":20,"msg":"Plugin loaded: \u001b[35mhexo-server\u001b[39m","time":"2018-03-13T20:52:06.581Z","v":0}
{"name":"hexo","hostname":"Jues-MacBook-Pro.local","pid":39867,"level":20,"msg":"Script loaded: \u001b[35mthemes/icarus/scripts/thumbnail.js\u001b[39m","time":"2018-03-13T20:52:06.586Z","v":0}
{"name":"hexo","hostname":"Jues-MacBook-Pro.local","pid":39867,"level":20,"msg":"Script loaded: \u001b[35mthemes/icarus/scripts/meta.js\u001b[39m","time":"2018-03-13T20:52:06.586Z","v":0}
{"name":"hexo","hostname":"Jues-MacBook-Pro.local","pid":39867,"level":20,"msg":"[hexo-inject] firing inject_ready","time":"2018-03-13T20:52:06.587Z","v":0}
{"name":"hexo","hostname":"Jues-MacBook-Pro.local","pid":39867,"level":20,"msg":"[hexo-inject] SKIP: undefined","time":"2018-03-13T20:52:06.601Z","v":0}
{"name":"hexo","hostname":"Jues-MacBook-Pro.local","pid":39867,"level":20,"err":{"message":"Incomplete document","name":"Error","stack":"Error: Incomplete document\n    at Inject._transform (/Users/lorrin/workspace/JuesBlog/node_modules/hexo-inject/lib/mixin/transform.js:29:34)\n    at Hexo.tryCatcher (/Users/lorrin/workspace/JuesBlog/node_modules/bluebird/js/release/util.js:16:23)\n    at Hexo.<anonymous> (/Users/lorrin/workspace/JuesBlog/node_modules/bluebird/js/release/method.js:15:34)\n    at Promise.each.filter (/Users/lorrin/workspace/JuesBlog/node_modules/hexo/lib/extend/filter.js:63:65)\n    at tryCatcher (/Users/lorrin/workspace/JuesBlog/node_modules/bluebird/js/release/util.js:16:23)\n    at Object.gotValue (/Users/lorrin/workspace/JuesBlog/node_modules/bluebird/js/release/reduce.js:155:18)\n    at Object.gotAccum (/Users/lorrin/workspace/JuesBlog/node_modules/bluebird/js/release/reduce.js:144:25)\n    at Object.tryCatcher (/Users/lorrin/workspace/JuesBlog/node_modules/bluebird/js/release/util.js:16:23)\n    at Promise._settlePromiseFromHandler (/Users/lorrin/workspace/JuesBlog/node_modules/bluebird/js/release/promise.js:512:31)\n    at Promise._settlePromise (/Users/lorrin/workspace/JuesBlog/node_modules/bluebird/js/release/promise.js:569:18)\n    at Promise._settlePromiseCtx (/Users/lorrin/workspace/JuesBlog/node_modules/bluebird/js/release/promise.js:606:10)\n    at Async._drainQueue (/Users/lorrin/workspace/JuesBlog/node_modules/bluebird/js/release/async.js:138:12)\n    at Async._drainQueues (/Users/lorrin/workspace/JuesBlog/node_modules/bluebird/js/release/async.js:143:10)\n    at Immediate.Async.drainQueues (/Users/lorrin/workspace/JuesBlog/node_modules/bluebird/js/release/async.js:17:14)\n    at runCallback (timers.js:637:20)\n    at tryOnImmediate (timers.js:610:5)\n    at processImmediate [as _immediateCallback] (timers.js:582:5)"},"msg":"Incomplete document","time":"2018-03-13T20:52:06.602Z","v":0}
{"name":"hexo","hostname":"Jues-MacBook-Pro.local","pid":39867,"level":20,"msg":"Database saved","time":"2018-03-13T20:52:06.604Z","v":0}
